<?xml version="1.0" encoding="UTF-8"?>
<testng-results ignored="0" total="22" passed="20" failed="2" skipped="0">
  <reporter-output>
  </reporter-output>
  <suite started-at="2025-09-13T19:00:57 IST" name="Default suite" finished-at="2025-09-13T19:11:20 IST" duration-ms="622975">
    <groups>
      <group name="cucumber">
        <method signature="AbstractTestNGCucumberTests.runScenario(io.cucumber.testng.PickleWrapper,io.cucumber.testng.FeatureWrapper)[pri:0, instance:runner.TestRunner@2d2ffcb7]" name="runScenario" class="io.cucumber.testng.AbstractTestNGCucumberTests"/>
      </group> <!-- cucumber -->
    </groups>
    <test started-at="2025-09-13T19:00:57 IST" name="Default test" finished-at="2025-09-13T19:11:20 IST" duration-ms="622975">
      <class name="runner.TestRunner">
        <test-method is-config="true" signature="setUpClass(org.testng.ITestContext)[pri:0, instance:runner.TestRunner@2d2ffcb7]" started-at="2025-09-13T19:00:57 IST" name="setUpClass" finished-at="2025-09-13T19:00:58 IST" duration-ms="882" status="PASS">
          <params>
            <param index="0">
              <value>
                <![CDATA[org.testng.TestRunner@33fc92d6]]>
              </value>
            </param>
          </params>
          <reporter-output>
          </reporter-output>
        </test-method> <!-- setUpClass -->
        <test-method signature="runScenario(io.cucumber.testng.PickleWrapper,io.cucumber.testng.FeatureWrapper)[pri:0, instance:runner.TestRunner@2d2ffcb7]" started-at="2025-09-13T19:00:58 IST" name="runScenario" description="Runs Cucumber Scenarios" data-provider="scenarios" finished-at="2025-09-13T19:01:21 IST" duration-ms="23382" status="PASS">
          <params>
            <param index="0">
              <value>
                <![CDATA["Login with valid credentials"]]>
              </value>
            </param>
            <param index="1">
              <value>
                <![CDATA["User Login"]]>
              </value>
            </param>
          </params>
          <reporter-output>
          </reporter-output>
        </test-method> <!-- runScenario -->
        <test-method signature="runScenario(io.cucumber.testng.PickleWrapper,io.cucumber.testng.FeatureWrapper)[pri:0, instance:runner.TestRunner@2d2ffcb7]" started-at="2025-09-13T19:01:21 IST" name="runScenario" description="Runs Cucumber Scenarios" data-provider="scenarios" finished-at="2025-09-13T19:01:27 IST" duration-ms="6209" status="PASS">
          <params>
            <param index="0">
              <value>
                <![CDATA["Login with invalid mobile number"]]>
              </value>
            </param>
            <param index="1">
              <value>
                <![CDATA["User Login"]]>
              </value>
            </param>
          </params>
          <reporter-output>
          </reporter-output>
        </test-method> <!-- runScenario -->
        <test-method signature="runScenario(io.cucumber.testng.PickleWrapper,io.cucumber.testng.FeatureWrapper)[pri:0, instance:runner.TestRunner@2d2ffcb7]" started-at="2025-09-13T19:01:27 IST" name="runScenario" description="Runs Cucumber Scenarios" data-provider="scenarios" finished-at="2025-09-13T19:01:34 IST" duration-ms="6718" status="PASS">
          <params>
            <param index="0">
              <value>
                <![CDATA["Login with invalid OTP"]]>
              </value>
            </param>
            <param index="1">
              <value>
                <![CDATA["User Login"]]>
              </value>
            </param>
          </params>
          <reporter-output>
          </reporter-output>
        </test-method> <!-- runScenario -->
        <test-method signature="runScenario(io.cucumber.testng.PickleWrapper,io.cucumber.testng.FeatureWrapper)[pri:0, instance:runner.TestRunner@2d2ffcb7]" started-at="2025-09-13T19:01:34 IST" name="runScenario" description="Runs Cucumber Scenarios" data-provider="scenarios" finished-at="2025-09-13T19:02:21 IST" duration-ms="46900" status="PASS">
          <params>
            <param index="0">
              <value>
                <![CDATA["OTP Expiry and Resend"]]>
              </value>
            </param>
            <param index="1">
              <value>
                <![CDATA["User Login"]]>
              </value>
            </param>
          </params>
          <reporter-output>
          </reporter-output>
        </test-method> <!-- runScenario -->
        <test-method signature="runScenario(io.cucumber.testng.PickleWrapper,io.cucumber.testng.FeatureWrapper)[pri:0, instance:runner.TestRunner@2d2ffcb7]" started-at="2025-09-13T19:02:21 IST" name="runScenario" description="Runs Cucumber Scenarios" data-provider="scenarios" finished-at="2025-09-13T19:03:06 IST" duration-ms="45088" status="PASS">
          <params>
            <param index="0">
              <value>
                <![CDATA["User logs in and selects Hindi language from dropdown"]]>
              </value>
            </param>
            <param index="1">
              <value>
                <![CDATA["Language selection from Blogs menu"]]>
              </value>
            </param>
          </params>
          <reporter-output>
          </reporter-output>
        </test-method> <!-- runScenario -->
        <test-method signature="runScenario(io.cucumber.testng.PickleWrapper,io.cucumber.testng.FeatureWrapper)[pri:0, instance:runner.TestRunner@2d2ffcb7]" started-at="2025-09-13T19:03:06 IST" name="runScenario" description="Runs Cucumber Scenarios" data-provider="scenarios" finished-at="2025-09-13T19:03:27 IST" duration-ms="20731" status="PASS">
          <params>
            <param index="0">
              <value>
                <![CDATA["User navigate to the last stage and sign out from website"]]>
              </value>
            </param>
            <param index="1">
              <value>
                <![CDATA["Sign out from the website of Nobroker"]]>
              </value>
            </param>
          </params>
          <reporter-output>
          </reporter-output>
        </test-method> <!-- runScenario -->
        <test-method signature="runScenario(io.cucumber.testng.PickleWrapper,io.cucumber.testng.FeatureWrapper)[pri:0, instance:runner.TestRunner@2d2ffcb7]" started-at="2025-09-13T19:03:27 IST" name="runScenario" description="Runs Cucumber Scenarios" data-provider="scenarios" finished-at="2025-09-13T19:04:01 IST" duration-ms="34535" status="PASS">
          <params>
            <param index="0">
              <value>
                <![CDATA["Navigate to "Paperless Rental Agreement with Aadhaar E-Sign" and return to Rental Agreement"]]>
              </value>
            </param>
            <param index="1">
              <value>
                <![CDATA["Navigate to Paperless Rental Agreement with Aadhaar E-Sign"]]>
              </value>
            </param>
          </params>
          <reporter-output>
          </reporter-output>
        </test-method> <!-- runScenario -->
        <test-method signature="runScenario(io.cucumber.testng.PickleWrapper,io.cucumber.testng.FeatureWrapper)[pri:0, instance:runner.TestRunner@2d2ffcb7]" started-at="2025-09-13T19:04:01 IST" name="runScenario" description="Runs Cucumber Scenarios" data-provider="scenarios" finished-at="2025-09-13T19:04:12 IST" duration-ms="10425" status="PASS">
          <params>
            <param index="0">
              <value>
                <![CDATA["User logs in and views AC services"]]>
              </value>
            </param>
            <param index="1">
              <value>
                <![CDATA["Access AC Services"]]>
              </value>
            </param>
          </params>
          <reporter-output>
          </reporter-output>
        </test-method> <!-- runScenario -->
        <test-method signature="runScenario(io.cucumber.testng.PickleWrapper,io.cucumber.testng.FeatureWrapper)[pri:0, instance:runner.TestRunner@2d2ffcb7]" started-at="2025-09-13T19:04:12 IST" name="runScenario" description="Runs Cucumber Scenarios" data-provider="scenarios" finished-at="2025-09-13T19:04:23 IST" duration-ms="11459" status="PASS">
          <params>
            <param index="0">
              <value>
                <![CDATA["Navigate to Appliance Repair and select Refrigerator service"]]>
              </value>
            </param>
            <param index="1">
              <value>
                <![CDATA["Appliance Service Navigation"]]>
              </value>
            </param>
          </params>
          <reporter-output>
          </reporter-output>
        </test-method> <!-- runScenario -->
        <test-method signature="runScenario(io.cucumber.testng.PickleWrapper,io.cucumber.testng.FeatureWrapper)[pri:0, instance:runner.TestRunner@2d2ffcb7]" started-at="2025-09-13T19:04:23 IST" name="runScenario" description="Runs Cucumber Scenarios" data-provider="scenarios" finished-at="2025-09-13T19:04:45 IST" duration-ms="21466" status="PASS">
          <params>
            <param index="0">
              <value>
                <![CDATA["Navigate to Interiors -> Renovation blogs"]]>
              </value>
            </param>
            <param index="1">
              <value>
                <![CDATA["Blog Navigation"]]>
              </value>
            </param>
          </params>
          <reporter-output>
          </reporter-output>
        </test-method> <!-- runScenario -->
        <test-method signature="runScenario(io.cucumber.testng.PickleWrapper,io.cucumber.testng.FeatureWrapper)[pri:0, instance:runner.TestRunner@2d2ffcb7]" started-at="2025-09-13T19:04:45 IST" name="runScenario" description="Runs Cucumber Scenarios" data-provider="scenarios" finished-at="2025-09-13T19:04:54 IST" duration-ms="9172" status="PASS">
          <params>
            <param index="0">
              <value>
                <![CDATA["Scroll Careers page to view "How did we Start""]]>
              </value>
            </param>
            <param index="1">
              <value>
                <![CDATA["Navigate to Careers"]]>
              </value>
            </param>
          </params>
          <reporter-output>
          </reporter-output>
        </test-method> <!-- runScenario -->
        <test-method signature="runScenario(io.cucumber.testng.PickleWrapper,io.cucumber.testng.FeatureWrapper)[pri:0, instance:runner.TestRunner@2d2ffcb7]" started-at="2025-09-13T19:04:54 IST" name="runScenario" description="Runs Cucumber Scenarios" data-provider="scenarios" finished-at="2025-09-13T19:05:13 IST" duration-ms="19125" status="PASS">
          <params>
            <param index="0">
              <value>
                <![CDATA["Successful Payment using Contact Number"]]>
              </value>
            </param>
            <param index="1">
              <value>
                <![CDATA["Payment Module - NoBroker.com"]]>
              </value>
            </param>
          </params>
          <reporter-output>
          </reporter-output>
        </test-method> <!-- runScenario -->
        <test-method signature="runScenario(io.cucumber.testng.PickleWrapper,io.cucumber.testng.FeatureWrapper)[pri:0, instance:runner.TestRunner@2d2ffcb7]" started-at="2025-09-13T19:05:13 IST" name="runScenario" description="Runs Cucumber Scenarios" data-provider="scenarios" finished-at="2025-09-13T19:05:21 IST" duration-ms="8016" status="PASS">
          <params>
            <param index="0">
              <value>
                <![CDATA["Open Help Center and raise a complaint"]]>
              </value>
            </param>
            <param index="1">
              <value>
                <![CDATA["NoBroker Help Center Complaint Flow"]]>
              </value>
            </param>
          </params>
          <reporter-output>
          </reporter-output>
        </test-method> <!-- runScenario -->
        <test-method signature="runScenario(io.cucumber.testng.PickleWrapper,io.cucumber.testng.FeatureWrapper)[pri:0, instance:runner.TestRunner@2d2ffcb7]" started-at="2025-09-13T19:05:21 IST" name="runScenario" description="Runs Cucumber Scenarios" data-provider="scenarios" finished-at="2025-09-13T19:05:29 IST" duration-ms="8207" status="FAIL">
          <params>
            <param index="0">
              <value>
                <![CDATA["View previous searches after new search"]]>
              </value>
            </param>
            <param index="1">
              <value>
                <![CDATA["History - Search history"]]>
              </value>
            </param>
          </params>
          <exception class="org.openqa.selenium.StaleElementReferenceException">
            <message>
              <![CDATA[stale element reference: stale element not found in the current frame
  (Session info: chrome=140.0.7339.81)
For documentation on this error, please visit: https://www.selenium.dev/documentation/webdriver/troubleshooting/errors#stale-element-reference-exception
Build info: version: '4.34.0', revision: '707dcb4246*'
System info: os.name: 'Windows 11', os.arch: 'amd64', os.version: '10.0', java.version: '21.0.7'
Driver info: org.openqa.selenium.chrome.ChromeDriver
Command: [e4a6f9729a6f02465ed498df1d940fd0, clickElement {id=f.53C3338F299954E7EC246311F6FC9FAA.d.982170F45CDF4B6CCDB1C9B5ED2EE526.e.103}]
Capabilities {acceptInsecureCerts: false, browserName: chrome, browserVersion: 140.0.7339.81, chrome: {chromedriverVersion: 140.0.7339.82 (bc93617e21c3..., userDataDir: C:\Users\HP\AppData\Local\T...}, fedcm:accounts: true, goog:chromeOptions: {debuggerAddress: localhost:50185}, networkConnectionEnabled: false, pageLoadStrategy: normal, platformName: windows, proxy: Proxy(), se:cdp: ws://localhost:50185/devtoo..., se:cdpVersion: 140.0.7339.81, setWindowRect: true, strictFileInteractability: false, timeouts: {implicit: 0, pageLoad: 300000, script: 30000}, unhandledPromptBehavior: dismiss and notify, webauthn:extension:credBlob: true, webauthn:extension:largeBlob: true, webauthn:extension:minPinLength: true, webauthn:extension:prf: true, webauthn:virtualAuthenticators: true}
Element: [[ChromeDriver: chrome on windows (e4a6f9729a6f02465ed498df1d940fd0)] -> xpath: //div[text()='Chennai']]
Session ID: e4a6f9729a6f02465ed498df1d940fd0]]>
            </message>
            <full-stacktrace>
              <![CDATA[org.openqa.selenium.StaleElementReferenceException: stale element reference: stale element not found in the current frame
  (Session info: chrome=140.0.7339.81)
For documentation on this error, please visit: https://www.selenium.dev/documentation/webdriver/troubleshooting/errors#stale-element-reference-exception
Build info: version: '4.34.0', revision: '707dcb4246*'
System info: os.name: 'Windows 11', os.arch: 'amd64', os.version: '10.0', java.version: '21.0.7'
Driver info: org.openqa.selenium.chrome.ChromeDriver
Command: [e4a6f9729a6f02465ed498df1d940fd0, clickElement {id=f.53C3338F299954E7EC246311F6FC9FAA.d.982170F45CDF4B6CCDB1C9B5ED2EE526.e.103}]
Capabilities {acceptInsecureCerts: false, browserName: chrome, browserVersion: 140.0.7339.81, chrome: {chromedriverVersion: 140.0.7339.82 (bc93617e21c3..., userDataDir: C:\Users\HP\AppData\Local\T...}, fedcm:accounts: true, goog:chromeOptions: {debuggerAddress: localhost:50185}, networkConnectionEnabled: false, pageLoadStrategy: normal, platformName: windows, proxy: Proxy(), se:cdp: ws://localhost:50185/devtoo..., se:cdpVersion: 140.0.7339.81, setWindowRect: true, strictFileInteractability: false, timeouts: {implicit: 0, pageLoad: 300000, script: 30000}, unhandledPromptBehavior: dismiss and notify, webauthn:extension:credBlob: true, webauthn:extension:largeBlob: true, webauthn:extension:minPinLength: true, webauthn:extension:prf: true, webauthn:virtualAuthenticators: true}
Element: [[ChromeDriver: chrome on windows (e4a6f9729a6f02465ed498df1d940fd0)] -> xpath: //div[text()='Chennai']]
Session ID: e4a6f9729a6f02465ed498df1d940fd0
at java.base/jdk.internal.reflect.DirectConstructorHandleAccessor.newInstance(DirectConstructorHandleAccessor.java:62)
at java.base/java.lang.reflect.Constructor.newInstanceWithCaller(Constructor.java:502)
at java.base/java.lang.reflect.Constructor.newInstance(Constructor.java:486)
at org.openqa.selenium.remote.ErrorCodec.decode(ErrorCodec.java:167)
at org.openqa.selenium.remote.codec.w3c.W3CHttpResponseCodec.decode(W3CHttpResponseCodec.java:138)
at org.openqa.selenium.remote.codec.w3c.W3CHttpResponseCodec.decode(W3CHttpResponseCodec.java:50)
at org.openqa.selenium.remote.HttpCommandExecutor.execute(HttpCommandExecutor.java:215)
at org.openqa.selenium.remote.service.DriverCommandExecutor.invokeExecute(DriverCommandExecutor.java:216)
at org.openqa.selenium.remote.service.DriverCommandExecutor.execute(DriverCommandExecutor.java:174)
at org.openqa.selenium.remote.RemoteWebDriver.execute(RemoteWebDriver.java:544)
at org.openqa.selenium.remote.RemoteWebElement.execute(RemoteWebElement.java:223)
at org.openqa.selenium.remote.RemoteWebElement.click(RemoteWebElement.java:76)
at pages.PropertySearch.selectCity(PropertySearch.java:49)
at stepdefinitions.HistoryStepDef.the_user_has_previously_searched_for(HistoryStepDef.java:29)
at ✽.the user has previously searched for "Adyar, Chennai"(file:///C:/Users/HP/eclipse-workspace/nobrokertestapplication/src/test/resources/features/history.feature:4)
]]>
            </full-stacktrace>
          </exception> <!-- org.openqa.selenium.StaleElementReferenceException -->
          <reporter-output>
          </reporter-output>
        </test-method> <!-- runScenario -->
        <test-method signature="runScenario(io.cucumber.testng.PickleWrapper,io.cucumber.testng.FeatureWrapper)[pri:0, instance:runner.TestRunner@2d2ffcb7]" started-at="2025-09-13T19:05:29 IST" name="runScenario" description="Runs Cucumber Scenarios" data-provider="scenarios" finished-at="2025-09-13T19:06:03 IST" duration-ms="33679" status="PASS">
          <params>
            <param index="0">
              <value>
                <![CDATA["Navigate to "Your Ongoing Agreements" and return to Rental Agreement"]]>
              </value>
            </param>
            <param index="1">
              <value>
                <![CDATA["Navigate to Your Ongoing Agreements"]]>
              </value>
            </param>
          </params>
          <reporter-output>
          </reporter-output>
        </test-method> <!-- runScenario -->
        <test-method signature="runScenario(io.cucumber.testng.PickleWrapper,io.cucumber.testng.FeatureWrapper)[pri:0, instance:runner.TestRunner@2d2ffcb7]" started-at="2025-09-13T19:06:03 IST" name="runScenario" description="Runs Cucumber Scenarios" data-provider="scenarios" finished-at="2025-09-13T19:06:22 IST" duration-ms="18920" status="PASS">
          <params>
            <param index="0">
              <value>
                <![CDATA["Navigate to Real Estate Buy Blogs after login"]]>
              </value>
            </param>
            <param index="1">
              <value>
                <![CDATA["Real Estate Navigation on NoBroker"]]>
              </value>
            </param>
          </params>
          <reporter-output>
          </reporter-output>
        </test-method> <!-- runScenario -->
        <test-method signature="runScenario(io.cucumber.testng.PickleWrapper,io.cucumber.testng.FeatureWrapper)[pri:0, instance:runner.TestRunner@2d2ffcb7]" started-at="2025-09-13T19:06:22 IST" name="runScenario" description="Runs Cucumber Scenarios" data-provider="scenarios" finished-at="2025-09-13T19:06:57 IST" duration-ms="34825" status="PASS">
          <params>
            <param index="0">
              <value>
                <![CDATA["Navigate to "Renew Your Agreement" and return to Rental Agreement"]]>
              </value>
            </param>
            <param index="1">
              <value>
                <![CDATA["Navigate to Renew Your Agreement"]]>
              </value>
            </param>
          </params>
          <reporter-output>
          </reporter-output>
        </test-method> <!-- runScenario -->
        <test-method signature="runScenario(io.cucumber.testng.PickleWrapper,io.cucumber.testng.FeatureWrapper)[pri:0, instance:runner.TestRunner@2d2ffcb7]" started-at="2025-09-13T19:06:57 IST" name="runScenario" description="Runs Cucumber Scenarios" data-provider="scenarios" finished-at="2025-09-13T19:08:06 IST" duration-ms="69238" status="PASS">
          <params>
            <param index="0">
              <value>
                <![CDATA["Sales Agreement Payment Cancel"]]>
              </value>
            </param>
            <param index="1">
              <value>
                <![CDATA["Sales agreement Purchase"]]>
              </value>
            </param>
          </params>
          <reporter-output>
          </reporter-output>
        </test-method> <!-- runScenario -->
        <test-method signature="runScenario(io.cucumber.testng.PickleWrapper,io.cucumber.testng.FeatureWrapper)[pri:0, instance:runner.TestRunner@2d2ffcb7]" started-at="2025-09-13T19:08:06 IST" name="runScenario" description="Runs Cucumber Scenarios" data-provider="scenarios" finished-at="2025-09-13T19:08:37 IST" duration-ms="30847" status="PASS">
          <params>
            <param index="0">
              <value>
                <![CDATA["Navigate to "E-Stamped Agreement" and return to Rental Agreement"]]>
              </value>
            </param>
            <param index="1">
              <value>
                <![CDATA["Navigate to E-Stamped Agreement"]]>
              </value>
            </param>
          </params>
          <reporter-output>
          </reporter-output>
        </test-method> <!-- runScenario -->
        <test-method signature="runScenario(io.cucumber.testng.PickleWrapper,io.cucumber.testng.FeatureWrapper)[pri:0, instance:runner.TestRunner@2d2ffcb7]" started-at="2025-09-13T19:08:37 IST" name="runScenario" description="Runs Cucumber Scenarios" data-provider="scenarios" finished-at="2025-09-13T19:08:59 IST" duration-ms="22706" status="PASS">
          <params>
            <param index="0">
              <value>
                <![CDATA["User opens Freedom Plan"]]>
              </value>
            </param>
            <param index="1">
              <value>
                <![CDATA["Tenant Plan Subscription"]]>
              </value>
            </param>
          </params>
          <reporter-output>
          </reporter-output>
        </test-method> <!-- runScenario -->
        <test-method signature="runScenario(io.cucumber.testng.PickleWrapper,io.cucumber.testng.FeatureWrapper)[pri:0, instance:runner.TestRunner@2d2ffcb7]" started-at="2025-09-13T19:08:59 IST" name="runScenario" description="Runs Cucumber Scenarios" data-provider="scenarios" finished-at="2025-09-13T19:10:43 IST" duration-ms="103877" status="FAIL">
          <params>
            <param index="0">
              <value>
                <![CDATA["User cancels the payment after subscribing to Freedom Plan"]]>
              </value>
            </param>
            <param index="1">
              <value>
                <![CDATA["Cancel Payment after Selecting Freedom Plan"]]>
              </value>
            </param>
          </params>
          <exception class="java.lang.AssertionError">
            <message>
              <![CDATA[Login failed! expected [true] but found [false]]]>
            </message>
            <full-stacktrace>
              <![CDATA[java.lang.AssertionError: Login failed! expected [true] but found [false]
at org.testng.Assert.fail(Assert.java:111)
at org.testng.Assert.failNotEquals(Assert.java:1590)
at org.testng.Assert.assertTrue(Assert.java:57)
at stepdefinitions.Subscription_Payment_Cancel_Stepdef.user_is_logged_in_for_payment_cancel(Subscription_Payment_Cancel_Stepdef.java:27)
at ✽.the user is logged in for payment cancel(file:///C:/Users/HP/eclipse-workspace/nobrokertestapplication/src/test/resources/features/subscriptionpaymentcancel.feature:5)
]]>
            </full-stacktrace>
          </exception> <!-- java.lang.AssertionError -->
          <reporter-output>
          </reporter-output>
        </test-method> <!-- runScenario -->
        <test-method signature="runScenario(io.cucumber.testng.PickleWrapper,io.cucumber.testng.FeatureWrapper)[pri:0, instance:runner.TestRunner@2d2ffcb7]" started-at="2025-09-13T19:10:43 IST" name="runScenario" description="Runs Cucumber Scenarios" data-provider="scenarios" finished-at="2025-09-13T19:11:19 IST" duration-ms="36029" status="PASS">
          <params>
            <param index="0">
              <value>
                <![CDATA["Navigate to "Upload your Draft" and return to Rental Agreement"]]>
              </value>
            </param>
            <param index="1">
              <value>
                <![CDATA["Navigate to Upload your Draft"]]>
              </value>
            </param>
          </params>
          <reporter-output>
          </reporter-output>
        </test-method> <!-- runScenario -->
        <test-method is-config="true" signature="tearDownClass()[pri:0, instance:runner.TestRunner@2d2ffcb7]" started-at="2025-09-13T19:11:19 IST" name="tearDownClass" finished-at="2025-09-13T19:11:20 IST" duration-ms="450" status="PASS">
          <reporter-output>
          </reporter-output>
        </test-method> <!-- tearDownClass -->
      </class> <!-- runner.TestRunner -->
    </test> <!-- Default test -->
  </suite> <!-- Default suite -->
</testng-results>
