<?xml version="1.0" encoding="UTF-8"?>
<!-- Generated by org.testng.reporters.JUnitReportReporter -->
<testsuite hostname="DESKTOP-U8K0EIF" failures="3" tests="11" name="runner.TestRunner_ContactNum_PaymentPage" time="33.313" errors="8" timestamp="2025-09-09T14:22:32 IST" skipped="0">
  <testcase classname="runner.TestRunner_ContactNum_PaymentPage" name="runScenario" time="1.540">
    <error message="Unable to obtain: chromedriver, error chromedriver must exist: C:\Users\HP\Downloads\chromedriver.exe
For documentation on this error, please visit: https://www.selenium.dev/documentation/webdriver/troubleshooting/errors/driver_location/
Build info: version: &#039;4.34.0&#039;, revision: &#039;707dcb4246*&#039;
System info: os.name: &#039;Windows 11&#039;, os.arch: &#039;amd64&#039;, os.version: &#039;10.0&#039;, java.version: &#039;21.0.7&#039;
Driver info: driver.version: ChromeDriver" type="org.openqa.selenium.remote.NoSuchDriverException">
      <![CDATA[org.openqa.selenium.remote.NoSuchDriverException: Unable to obtain: chromedriver, error chromedriver must exist: C:\Users\HP\Downloads\chromedriver.exe
For documentation on this error, please visit: https://www.selenium.dev/documentation/webdriver/troubleshooting/errors/driver_location/
Build info: version: '4.34.0', revision: '707dcb4246*'
System info: os.name: 'Windows 11', os.arch: 'amd64', os.version: '10.0', java.version: '21.0.7'
Driver info: driver.version: ChromeDriver
at org.openqa.selenium.remote.service.DriverFinder.getBinaryPaths(DriverFinder.java:124)
at org.openqa.selenium.remote.service.DriverFinder.getDriverPath(DriverFinder.java:55)
at org.openqa.selenium.chrome.ChromeDriver.generateExecutor(ChromeDriver.java:99)
at org.openqa.selenium.chrome.ChromeDriver.<init>(ChromeDriver.java:88)
at org.openqa.selenium.chrome.ChromeDriver.<init>(ChromeDriver.java:83)
at org.openqa.selenium.chrome.ChromeDriver.<init>(ChromeDriver.java:51)
at stepdefinitions.ContactNum_PaymentStepDef.user_is_logged_in_with_valid_phone_number_and_otp(ContactNum_PaymentStepDef.java:17)
at ✽.User is logged in with valid phone number and OTP(file:///C:/Users/HP/eclipse-workspace/nobrokertestapplication/src/test/resources/features/contactnumpayment.feature:4)
Caused by: java.lang.IllegalStateException: chromedriver must exist: C:\Users\HP\Downloads\chromedriver.exe
at org.openqa.selenium.internal.Require$PathStateChecker.isExecutable(Require.java:370)
at org.openqa.selenium.remote.service.DriverFinder.getBinaryPaths(DriverFinder.java:121)
... 7 more
]]>
    </error>
  </testcase> <!-- runScenario -->
  <testcase classname="runner.TestRunner_ContactNum_PaymentPage" name="runScenario" time="1.064">
    <failure message="User is not on NoBroker homepage expected [https://www.nobroker.in/] but found [data:,]" type="java.lang.AssertionError">
      <![CDATA[java.lang.AssertionError: User is not on NoBroker homepage expected [https://www.nobroker.in/] but found [data:,]
at org.testng.Assert.fail(Assert.java:111)
at org.testng.Assert.failNotEquals(Assert.java:1590)
at org.testng.Assert.assertEqualsImpl(Assert.java:150)
at org.testng.Assert.assertEquals(Assert.java:132)
at org.testng.Assert.assertEquals(Assert.java:656)
at stepdefinitions.LoginStepDef.the_user_is_on_the_login_page(LoginStepDef.java:20)
at ✽.the user is on the login page(file:///C:/Users/HP/eclipse-workspace/nobrokertestapplication/src/test/resources/features/login.feature:4)
]]>
    </failure>
  </testcase> <!-- runScenario -->
  <testcase classname="runner.TestRunner_ContactNum_PaymentPage" name="runScenario" time="0.996">
    <failure message="User is not on NoBroker homepage expected [https://www.nobroker.in/] but found [data:,]" type="java.lang.AssertionError">
      <![CDATA[java.lang.AssertionError: User is not on NoBroker homepage expected [https://www.nobroker.in/] but found [data:,]
at org.testng.Assert.fail(Assert.java:111)
at org.testng.Assert.failNotEquals(Assert.java:1590)
at org.testng.Assert.assertEqualsImpl(Assert.java:150)
at org.testng.Assert.assertEquals(Assert.java:132)
at org.testng.Assert.assertEquals(Assert.java:656)
at stepdefinitions.LoginStepDef.the_user_is_on_the_login_page(LoginStepDef.java:20)
at ✽.the user is on the login page(file:///C:/Users/HP/eclipse-workspace/nobrokertestapplication/src/test/resources/features/login.feature:9)
]]>
    </failure>
  </testcase> <!-- runScenario -->
  <testcase classname="runner.TestRunner_ContactNum_PaymentPage" name="runScenario" time="1.073">
    <failure message="User is not on NoBroker homepage expected [https://www.nobroker.in/] but found [data:,]" type="java.lang.AssertionError">
      <![CDATA[java.lang.AssertionError: User is not on NoBroker homepage expected [https://www.nobroker.in/] but found [data:,]
at org.testng.Assert.fail(Assert.java:111)
at org.testng.Assert.failNotEquals(Assert.java:1590)
at org.testng.Assert.assertEqualsImpl(Assert.java:150)
at org.testng.Assert.assertEquals(Assert.java:132)
at org.testng.Assert.assertEquals(Assert.java:656)
at stepdefinitions.LoginStepDef.the_user_is_on_the_login_page(LoginStepDef.java:20)
at ✽.the user is on the login page(file:///C:/Users/HP/eclipse-workspace/nobrokertestapplication/src/test/resources/features/login.feature:15)
]]>
    </failure>
  </testcase> <!-- runScenario -->
  <testcase classname="runner.TestRunner_ContactNum_PaymentPage" name="runScenario" time="13.088">
    <error message="Expected condition failed: waiting for element to be clickable: By.xpath: //*[@id=&#039;app&#039;]/div/div/div[1]/button (tried for 10 second(s) with 500 milliseconds interval)
Build info: version: &#039;4.34.0&#039;, revision: &#039;707dcb4246*&#039;
System info: os.name: &#039;Windows 11&#039;, os.arch: &#039;amd64&#039;, os.version: &#039;10.0&#039;, java.version: &#039;21.0.7&#039;
Driver info: org.openqa.selenium.chrome.ChromeDriver
Capabilities {acceptInsecureCerts: false, browserName: chrome, browserVersion: 140.0.7339.81, chrome: {chromedriverVersion: 140.0.7339.80 (670b6f192f46..., userDataDir: C:\Users\HP\AppData\Local\T...}, fedcm:accounts: true, goog:chromeOptions: {debuggerAddress: localhost:56234}, networkConnectionEnabled: false, pageLoadStrategy: normal, platformName: windows, proxy: Proxy(), se:cdp: ws://localhost:56234/devtoo..., se:cdpVersion: 140.0.7339.81, setWindowRect: true, strictFileInteractability: false, timeouts: {implicit: 0, pageLoad: 300000, script: 30000}, unhandledPromptBehavior: dismiss and notify, webauthn:extension:credBlob: true, webauthn:extension:largeBlob: true, webauthn:extension:minPinLength: true, webauthn:extension:prf: true, webauthn:virtualAuthenticators: true}
Session ID: 6b19d32cd9ea374a92f4196155a20af2" type="org.openqa.selenium.TimeoutException">
      <![CDATA[org.openqa.selenium.TimeoutException: Expected condition failed: waiting for element to be clickable: By.xpath: //*[@id='app']/div/div/div[1]/button (tried for 10 second(s) with 500 milliseconds interval)
Build info: version: '4.34.0', revision: '707dcb4246*'
System info: os.name: 'Windows 11', os.arch: 'amd64', os.version: '10.0', java.version: '21.0.7'
Driver info: org.openqa.selenium.chrome.ChromeDriver
Capabilities {acceptInsecureCerts: false, browserName: chrome, browserVersion: 140.0.7339.81, chrome: {chromedriverVersion: 140.0.7339.80 (670b6f192f46..., userDataDir: C:\Users\HP\AppData\Local\T...}, fedcm:accounts: true, goog:chromeOptions: {debuggerAddress: localhost:56234}, networkConnectionEnabled: false, pageLoadStrategy: normal, platformName: windows, proxy: Proxy(), se:cdp: ws://localhost:56234/devtoo..., se:cdpVersion: 140.0.7339.81, setWindowRect: true, strictFileInteractability: false, timeouts: {implicit: 0, pageLoad: 300000, script: 30000}, unhandledPromptBehavior: dismiss and notify, webauthn:extension:credBlob: true, webauthn:extension:largeBlob: true, webauthn:extension:minPinLength: true, webauthn:extension:prf: true, webauthn:virtualAuthenticators: true}
Session ID: 6b19d32cd9ea374a92f4196155a20af2
at org.openqa.selenium.support.ui.WebDriverWait.timeoutException(WebDriverWait.java:84)
at org.openqa.selenium.support.ui.FluentWait.until(FluentWait.java:228)
at stepdefinitions.Help_Centre_Page_StepDef.user_clicks_on_help_center_button(Help_Centre_Page_StepDef.java:32)
at ✽.User clicks on Help Center button(file:///C:/Users/HP/eclipse-workspace/nobrokertestapplication/src/test/resources/features/helpcentre.feature:4)
]]>
    </error>
  </testcase> <!-- runScenario -->
  <testcase classname="runner.TestRunner_ContactNum_PaymentPage" name="runScenario" time="1.100">
    <error message="The step &#039;the user selects location &quot;Mumbai&quot;&#039; and 3 other step(s) are undefined.
You can implement these steps using the snippet(s) below:

@Given(&quot;the user selects location {string}&quot;)
public void the_user_selects_location(String string) {
    // Write code here that turns the phrase above into concrete actions
    throw new io.cucumber.java.PendingException();
}
@Given(&quot;enters landmark {string}&quot;)
public void enters_landmark(String string) {
    // Write code here that turns the phrase above into concrete actions
    throw new io.cucumber.java.PendingException();
}
@Given(&quot;clicks on search button&quot;)
public void clicks_on_search_button() {
    // Write code here that turns the phrase above into concrete actions
    throw new io.cucumber.java.PendingException();
}
@Then(&quot;an error message should be displayed&quot;)
public void an_error_message_should_be_displayed() {
    // Write code here that turns the phrase above into concrete actions
    throw new io.cucumber.java.PendingException();
}
" type="io.cucumber.testng.UndefinedStepException">
      <![CDATA[io.cucumber.testng.UndefinedStepException: The step 'the user selects location "Mumbai"' and 3 other step(s) are undefined.
You can implement these steps using the snippet(s) below:

@Given("the user selects location {string}")
public void the_user_selects_location(String string) {
    // Write code here that turns the phrase above into concrete actions
    throw new io.cucumber.java.PendingException();
}
@Given("enters landmark {string}")
public void enters_landmark(String string) {
    // Write code here that turns the phrase above into concrete actions
    throw new io.cucumber.java.PendingException();
}
@Given("clicks on search button")
public void clicks_on_search_button() {
    // Write code here that turns the phrase above into concrete actions
    throw new io.cucumber.java.PendingException();
}
@Then("an error message should be displayed")
public void an_error_message_should_be_displayed() {
    // Write code here that turns the phrase above into concrete actions
    throw new io.cucumber.java.PendingException();
}

at ✽.the user selects location "Mumbai"(file:///C:/Users/HP/eclipse-workspace/nobrokertestapplication/src/test/resources/features/home.feature:5)
]]>
    </error>
  </testcase> <!-- runScenario -->
  <testcase classname="runner.TestRunner_ContactNum_PaymentPage" name="runScenario" time="1.000">
    <error message="The step &#039;the user selects location &quot;Chennai&quot;&#039; and 3 other step(s) are undefined.
You can implement these steps using the snippet(s) below:

@Given(&quot;the user selects location {string}&quot;)
public void the_user_selects_location(String string) {
    // Write code here that turns the phrase above into concrete actions
    throw new io.cucumber.java.PendingException();
}
@Given(&quot;enters landmark {string}&quot;)
public void enters_landmark(String string) {
    // Write code here that turns the phrase above into concrete actions
    throw new io.cucumber.java.PendingException();
}
@Given(&quot;clicks on search button&quot;)
public void clicks_on_search_button() {
    // Write code here that turns the phrase above into concrete actions
    throw new io.cucumber.java.PendingException();
}
@Then(&quot;the user should be redirected to the Rent Page&quot;)
public void the_user_should_be_redirected_to_the_rent_page() {
    // Write code here that turns the phrase above into concrete actions
    throw new io.cucumber.java.PendingException();
}
" type="io.cucumber.testng.UndefinedStepException">
      <![CDATA[io.cucumber.testng.UndefinedStepException: The step 'the user selects location "Chennai"' and 3 other step(s) are undefined.
You can implement these steps using the snippet(s) below:

@Given("the user selects location {string}")
public void the_user_selects_location(String string) {
    // Write code here that turns the phrase above into concrete actions
    throw new io.cucumber.java.PendingException();
}
@Given("enters landmark {string}")
public void enters_landmark(String string) {
    // Write code here that turns the phrase above into concrete actions
    throw new io.cucumber.java.PendingException();
}
@Given("clicks on search button")
public void clicks_on_search_button() {
    // Write code here that turns the phrase above into concrete actions
    throw new io.cucumber.java.PendingException();
}
@Then("the user should be redirected to the Rent Page")
public void the_user_should_be_redirected_to_the_rent_page() {
    // Write code here that turns the phrase above into concrete actions
    throw new io.cucumber.java.PendingException();
}

at ✽.the user selects location "Chennai"(file:///C:/Users/HP/eclipse-workspace/nobrokertestapplication/src/test/resources/features/home.feature:27)
]]>
    </error>
  </testcase> <!-- runScenario -->
  <testcase classname="runner.TestRunner_ContactNum_PaymentPage" name="runScenario" time="7.253">
    <error message="No suggestions visible and ENTER fallback failed." type="java.lang.RuntimeException">
      <![CDATA[java.lang.RuntimeException: No suggestions visible and ENTER fallback failed.
at pages.PropertySearch.enterLocality(PropertySearch.java:90)
at stepdefinitions.PropertySearchStepDef.user_enters_locality(PropertySearchStepDef.java:29)
at ✽.the user enters "Navalur, Chennai" as the locality(file:///C:/Users/HP/eclipse-workspace/nobrokertestapplication/src/test/resources/features/propertysearch.feature:6)
Caused by: org.openqa.selenium.NoSuchSessionException: invalid session id
Build info: version: '4.34.0', revision: '707dcb4246*'
System info: os.name: 'Windows 11', os.arch: 'amd64', os.version: '10.0', java.version: '21.0.7'
Driver info: org.openqa.selenium.chrome.ChromeDriver
Command: [3e8d85e2a83217ccbae6e54599dbcabb, sendKeysToElement {id=f.B1AD0F947AF554AE6931E128E694D7F0.d.1BB50E0147A38E6D85506E9A7749461A.e.79, value=[Ljava.lang.CharSequence;@681c0ae6}]
Capabilities {acceptInsecureCerts: false, browserName: chrome, browserVersion: 140.0.7339.81, chrome: {chromedriverVersion: 140.0.7339.80 (670b6f192f46..., userDataDir: C:\Users\HP\AppData\Local\T...}, fedcm:accounts: true, goog:chromeOptions: {debuggerAddress: localhost:56574}, networkConnectionEnabled: false, pageLoadStrategy: normal, platformName: windows, proxy: Proxy(), se:cdp: ws://localhost:56574/devtoo..., se:cdpVersion: 140.0.7339.81, setWindowRect: true, strictFileInteractability: false, timeouts: {implicit: 0, pageLoad: 300000, script: 30000}, unhandledPromptBehavior: dismiss and notify, webauthn:extension:credBlob: true, webauthn:extension:largeBlob: true, webauthn:extension:minPinLength: true, webauthn:extension:prf: true, webauthn:virtualAuthenticators: true}
Element: [[ChromeDriver: chrome on windows (3e8d85e2a83217ccbae6e54599dbcabb)] -> id: listPageSearchLocality]
Session ID: 3e8d85e2a83217ccbae6e54599dbcabb
at java.base/jdk.internal.reflect.DirectConstructorHandleAccessor.newInstance(DirectConstructorHandleAccessor.java:62)
at java.base/java.lang.reflect.Constructor.newInstanceWithCaller(Constructor.java:502)
at java.base/java.lang.reflect.Constructor.newInstance(Constructor.java:486)
at org.openqa.selenium.remote.ErrorCodec.decode(ErrorCodec.java:167)
at org.openqa.selenium.remote.codec.w3c.W3CHttpResponseCodec.decode(W3CHttpResponseCodec.java:138)
at org.openqa.selenium.remote.codec.w3c.W3CHttpResponseCodec.decode(W3CHttpResponseCodec.java:50)
at org.openqa.selenium.remote.HttpCommandExecutor.execute(HttpCommandExecutor.java:215)
at org.openqa.selenium.remote.service.DriverCommandExecutor.invokeExecute(DriverCommandExecutor.java:216)
at org.openqa.selenium.remote.service.DriverCommandExecutor.execute(DriverCommandExecutor.java:174)
at org.openqa.selenium.remote.RemoteWebDriver.execute(RemoteWebDriver.java:544)
at org.openqa.selenium.remote.RemoteWebElement.execute(RemoteWebElement.java:223)
at org.openqa.selenium.remote.RemoteWebElement.sendKeys(RemoteWebElement.java:110)
... 3 more
]]>
    </error>
  </testcase> <!-- runScenario -->
  <testcase classname="runner.TestRunner_ContactNum_PaymentPage" name="runScenario" time="4.155">
    <error message="stale element reference: stale element not found in the current frame
  (Session info: chrome=140.0.7339.81)
For documentation on this error, please visit: https://www.selenium.dev/documentation/webdriver/troubleshooting/errors#stale-element-reference-exception
Build info: version: &#039;4.34.0&#039;, revision: &#039;707dcb4246*&#039;
System info: os.name: &#039;Windows 11&#039;, os.arch: &#039;amd64&#039;, os.version: &#039;10.0&#039;, java.version: &#039;21.0.7&#039;
Driver info: org.openqa.selenium.chrome.ChromeDriver
Command: [daa9a06bcc0135c19275a2d76954d79f, clickElement {id=f.CCC1A63F67F985D1318D27237BCA41A0.d.EE77764518C381D0115277EE3E5A56E6.e.101}]
Capabilities {acceptInsecureCerts: false, browserName: chrome, browserVersion: 140.0.7339.81, chrome: {chromedriverVersion: 140.0.7339.80 (670b6f192f46..., userDataDir: C:\Users\HP\AppData\Local\T...}, fedcm:accounts: true, goog:chromeOptions: {debuggerAddress: localhost:56294}, networkConnectionEnabled: false, pageLoadStrategy: normal, platformName: windows, proxy: Proxy(), se:cdp: ws://localhost:56294/devtoo..., se:cdpVersion: 140.0.7339.81, setWindowRect: true, strictFileInteractability: false, timeouts: {implicit: 0, pageLoad: 300000, script: 30000}, unhandledPromptBehavior: dismiss and notify, webauthn:extension:credBlob: true, webauthn:extension:largeBlob: true, webauthn:extension:minPinLength: true, webauthn:extension:prf: true, webauthn:virtualAuthenticators: true}
Element: [[ChromeDriver: chrome on windows (daa9a06bcc0135c19275a2d76954d79f)] -&gt; xpath: //div[text()=&#039;Chennai&#039;]]
Session ID: daa9a06bcc0135c19275a2d76954d79f" type="org.openqa.selenium.StaleElementReferenceException">
      <![CDATA[org.openqa.selenium.StaleElementReferenceException: stale element reference: stale element not found in the current frame
  (Session info: chrome=140.0.7339.81)
For documentation on this error, please visit: https://www.selenium.dev/documentation/webdriver/troubleshooting/errors#stale-element-reference-exception
Build info: version: '4.34.0', revision: '707dcb4246*'
System info: os.name: 'Windows 11', os.arch: 'amd64', os.version: '10.0', java.version: '21.0.7'
Driver info: org.openqa.selenium.chrome.ChromeDriver
Command: [daa9a06bcc0135c19275a2d76954d79f, clickElement {id=f.CCC1A63F67F985D1318D27237BCA41A0.d.EE77764518C381D0115277EE3E5A56E6.e.101}]
Capabilities {acceptInsecureCerts: false, browserName: chrome, browserVersion: 140.0.7339.81, chrome: {chromedriverVersion: 140.0.7339.80 (670b6f192f46..., userDataDir: C:\Users\HP\AppData\Local\T...}, fedcm:accounts: true, goog:chromeOptions: {debuggerAddress: localhost:56294}, networkConnectionEnabled: false, pageLoadStrategy: normal, platformName: windows, proxy: Proxy(), se:cdp: ws://localhost:56294/devtoo..., se:cdpVersion: 140.0.7339.81, setWindowRect: true, strictFileInteractability: false, timeouts: {implicit: 0, pageLoad: 300000, script: 30000}, unhandledPromptBehavior: dismiss and notify, webauthn:extension:credBlob: true, webauthn:extension:largeBlob: true, webauthn:extension:minPinLength: true, webauthn:extension:prf: true, webauthn:virtualAuthenticators: true}
Element: [[ChromeDriver: chrome on windows (daa9a06bcc0135c19275a2d76954d79f)] -> xpath: //div[text()='Chennai']]
Session ID: daa9a06bcc0135c19275a2d76954d79f
at java.base/jdk.internal.reflect.DirectConstructorHandleAccessor.newInstance(DirectConstructorHandleAccessor.java:62)
at java.base/java.lang.reflect.Constructor.newInstanceWithCaller(Constructor.java:502)
at java.base/java.lang.reflect.Constructor.newInstance(Constructor.java:486)
at org.openqa.selenium.remote.ErrorCodec.decode(ErrorCodec.java:167)
at org.openqa.selenium.remote.codec.w3c.W3CHttpResponseCodec.decode(W3CHttpResponseCodec.java:138)
at org.openqa.selenium.remote.codec.w3c.W3CHttpResponseCodec.decode(W3CHttpResponseCodec.java:50)
at org.openqa.selenium.remote.HttpCommandExecutor.execute(HttpCommandExecutor.java:215)
at org.openqa.selenium.remote.service.DriverCommandExecutor.invokeExecute(DriverCommandExecutor.java:216)
at org.openqa.selenium.remote.service.DriverCommandExecutor.execute(DriverCommandExecutor.java:174)
at org.openqa.selenium.remote.RemoteWebDriver.execute(RemoteWebDriver.java:544)
at org.openqa.selenium.remote.RemoteWebElement.execute(RemoteWebElement.java:223)
at org.openqa.selenium.remote.RemoteWebElement.click(RemoteWebElement.java:76)
at pages.PropertySearch.selectCity(PropertySearch.java:50)
at stepdefinitions.HistoryStepDef.user_performs_search(HistoryStepDef.java:36)
at ✽.the user performs a search for "Navalur, Chennai"(file:///C:/Users/HP/eclipse-workspace/nobrokertestapplication/src/test/resources/features/history.feature:5)
]]>
    </error>
  </testcase> <!-- runScenario -->
  <testcase classname="runner.TestRunner_ContactNum_PaymentPage" name="runScenario" time="1.000">
    <error message="The step &#039;the user selects location &quot;Chennai&quot;&#039; and 4 other step(s) are undefined.
You can implement these steps using the snippet(s) below:

@Given(&quot;the user selects location {string}&quot;)
public void the_user_selects_location(String string) {
    // Write code here that turns the phrase above into concrete actions
    throw new io.cucumber.java.PendingException();
}
@Given(&quot;enters landmark {string}&quot;)
public void enters_landmark(String string) {
    // Write code here that turns the phrase above into concrete actions
    throw new io.cucumber.java.PendingException();
}
@Given(&quot;clicks on search button&quot;)
public void clicks_on_search_button() {
    // Write code here that turns the phrase above into concrete actions
    throw new io.cucumber.java.PendingException();
}
@Then(&quot;the user should be redirected to the Rent Page&quot;)
public void the_user_should_be_redirected_to_the_rent_page() {
    // Write code here that turns the phrase above into concrete actions
    throw new io.cucumber.java.PendingException();
}
@Then(&quot;the previous search {string} {string} should appear in search history&quot;)
public void the_previous_search_should_appear_in_search_history(String string, String string2) {
    // Write code here that turns the phrase above into concrete actions
    throw new io.cucumber.java.PendingException();
}
" type="io.cucumber.testng.UndefinedStepException">
      <![CDATA[io.cucumber.testng.UndefinedStepException: The step 'the user selects location "Chennai"' and 4 other step(s) are undefined.
You can implement these steps using the snippet(s) below:

@Given("the user selects location {string}")
public void the_user_selects_location(String string) {
    // Write code here that turns the phrase above into concrete actions
    throw new io.cucumber.java.PendingException();
}
@Given("enters landmark {string}")
public void enters_landmark(String string) {
    // Write code here that turns the phrase above into concrete actions
    throw new io.cucumber.java.PendingException();
}
@Given("clicks on search button")
public void clicks_on_search_button() {
    // Write code here that turns the phrase above into concrete actions
    throw new io.cucumber.java.PendingException();
}
@Then("the user should be redirected to the Rent Page")
public void the_user_should_be_redirected_to_the_rent_page() {
    // Write code here that turns the phrase above into concrete actions
    throw new io.cucumber.java.PendingException();
}
@Then("the previous search {string} {string} should appear in search history")
public void the_previous_search_should_appear_in_search_history(String string, String string2) {
    // Write code here that turns the phrase above into concrete actions
    throw new io.cucumber.java.PendingException();
}

at ✽.the user selects location "Chennai"(file:///C:/Users/HP/eclipse-workspace/nobrokertestapplication/src/test/resources/features/home.feature:38)
]]>
    </error>
  </testcase> <!-- runScenario -->
  <testcase classname="runner.TestRunner_ContactNum_PaymentPage" name="runScenario" time="1.044">
    <error message="The step &#039;the user selects location &quot;Mumbai&quot;&#039; and 3 other step(s) are undefined.
You can implement these steps using the snippet(s) below:

@Given(&quot;the user selects location {string}&quot;)
public void the_user_selects_location(String string) {
    // Write code here that turns the phrase above into concrete actions
    throw new io.cucumber.java.PendingException();
}
@Given(&quot;leaves the landmark field blank&quot;)
public void leaves_the_landmark_field_blank() {
    // Write code here that turns the phrase above into concrete actions
    throw new io.cucumber.java.PendingException();
}
@Given(&quot;clicks on search button&quot;)
public void clicks_on_search_button() {
    // Write code here that turns the phrase above into concrete actions
    throw new io.cucumber.java.PendingException();
}
@Then(&quot;an error message should be displayed&quot;)
public void an_error_message_should_be_displayed() {
    // Write code here that turns the phrase above into concrete actions
    throw new io.cucumber.java.PendingException();
}
" type="io.cucumber.testng.UndefinedStepException">
      <![CDATA[io.cucumber.testng.UndefinedStepException: The step 'the user selects location "Mumbai"' and 3 other step(s) are undefined.
You can implement these steps using the snippet(s) below:

@Given("the user selects location {string}")
public void the_user_selects_location(String string) {
    // Write code here that turns the phrase above into concrete actions
    throw new io.cucumber.java.PendingException();
}
@Given("leaves the landmark field blank")
public void leaves_the_landmark_field_blank() {
    // Write code here that turns the phrase above into concrete actions
    throw new io.cucumber.java.PendingException();
}
@Given("clicks on search button")
public void clicks_on_search_button() {
    // Write code here that turns the phrase above into concrete actions
    throw new io.cucumber.java.PendingException();
}
@Then("an error message should be displayed")
public void an_error_message_should_be_displayed() {
    // Write code here that turns the phrase above into concrete actions
    throw new io.cucumber.java.PendingException();
}

at ✽.the user selects location "Mumbai"(file:///C:/Users/HP/eclipse-workspace/nobrokertestapplication/src/test/resources/features/home.feature:16)
]]>
    </error>
  </testcase> <!-- runScenario -->
</testsuite> <!-- runner.TestRunner_ContactNum_PaymentPage -->
